<?xml version="1.0" encoding="UTF-8"?>
<testsuites>
  <testsuite name="Domain" tests="8" assertions="42" failures="0" errors="0" time="0.046865">
    <testsuite name="SolrExplain\Tests\Domain\Explanation\ExplanationSolr34TestCase" file="/home/timo/Projects/explain/php/tests/SolrExplain/Domain/Explanation/ExplanationSolr34TestCase.php" namespace="SolrExplain\Tests\Domain\Explanation" fullPackage="SolrExplain.Tests.Domain.Explanation" tests="3" assertions="24" failures="0" errors="0" time="0.020302">
      <testcase name="testFixture001" class="SolrExplain\Tests\Domain\Explanation\ExplanationSolr34TestCase" file="/home/timo/Projects/explain/php/tests/SolrExplain/Domain/Explanation/ExplanationSolr34TestCase.php" line="41" assertions="7" time="0.013216"/>
      <testcase name="testFixture002" class="SolrExplain\Tests\Domain\Explanation\ExplanationSolr34TestCase" file="/home/timo/Projects/explain/php/tests/SolrExplain/Domain/Explanation/ExplanationSolr34TestCase.php" line="56" assertions="9" time="0.003424"/>
      <testcase name="testFixture003" class="SolrExplain\Tests\Domain\Explanation\ExplanationSolr34TestCase" file="/home/timo/Projects/explain/php/tests/SolrExplain/Domain/Explanation/ExplanationSolr34TestCase.php" line="76" assertions="8" time="0.003662"/>
    </testsuite>
    <testsuite name="SolrExplain\Tests\Domain\Explanation\ExplanationSolr3TestCase" file="/home/timo/Projects/explain/php/tests/SolrExplain/Domain/Explanation/ExplanationSolr3TestCase.php" namespace="SolrExplain\Tests\Domain\Explanation" fullPackage="SolrExplain.Tests.Domain.Explanation" tests="5" assertions="18" failures="0" errors="0" time="0.026563">
      <testcase name="testFixture001" class="SolrExplain\Tests\Domain\Explanation\ExplanationSolr3TestCase" file="/home/timo/Projects/explain/php/tests/SolrExplain/Domain/Explanation/ExplanationSolr3TestCase.php" line="41" assertions="6" time="0.004665"/>
      <testcase name="testFixture002" class="SolrExplain\Tests\Domain\Explanation\ExplanationSolr3TestCase" file="/home/timo/Projects/explain/php/tests/SolrExplain/Domain/Explanation/ExplanationSolr3TestCase.php" line="55" assertions="3" time="0.007068"/>
      <testcase name="testFixture003" class="SolrExplain\Tests\Domain\Explanation\ExplanationSolr3TestCase" file="/home/timo/Projects/explain/php/tests/SolrExplain/Domain/Explanation/ExplanationSolr3TestCase.php" line="66" assertions="3" time="0.006824"/>
      <testcase name="testFixture004" class="SolrExplain\Tests\Domain\Explanation\ExplanationSolr3TestCase" file="/home/timo/Projects/explain/php/tests/SolrExplain/Domain/Explanation/ExplanationSolr3TestCase.php" line="77" assertions="3" time="0.004005"/>
      <testcase name="testFixture005" class="SolrExplain\Tests\Domain\Explanation\ExplanationSolr3TestCase" file="/home/timo/Projects/explain/php/tests/SolrExplain/Domain/Explanation/ExplanationSolr3TestCase.php" line="88" assertions="3" time="0.004001"/>
    </testsuite>
  </testsuite>
</testsuites>
